[0.093s] Invoking command in '/home/vboxuser/ros2_ws/build/my_cpp_pkg': CMAKE_PREFIX_PATH=${CMAKE_PREFIX_PATH}:/home/vboxuser/ros2_ws/install/my_py_pkg:/home/vboxuser/install/my_py_pkg:/opt/ros/humble /usr/bin/cmake --build /home/vboxuser/ros2_ws/build/my_cpp_pkg -- -j6 -l6
[0.156s] [35m[1mConsolidate compiler generated dependencies of target add_two_ints_client_no_oop[0m
[0.172s] [ 50%] Built target smartphone
[0.173s] [ 50%] Built target add_two_ints_server
[0.175s] [ 60%] Built target robot_news_station
[0.176s] [ 70%] [32mBuilding CXX object CMakeFiles/add_two_ints_client_no_oop.dir/src/add_two_ints_client_no_oop.cpp.o[0m
[0.178s] [ 90%] Built target cpp_node
[2.830s] [01m[K/home/vboxuser/ros2_ws/src/my_cpp_pkg/src/add_two_ints_client_no_oop.cpp:[m[K In function â€˜[01m[Kint main(int, char**)[m[Kâ€™:
[2.831s] [01m[K/home/vboxuser/ros2_ws/src/my_cpp_pkg/src/add_two_ints_client_no_oop.cpp:18:65:[m[K [01;31m[Kerror: [m[Kâ€˜[01m[Krclcpp::executor[m[Kâ€™ has not been declared
[2.831s]    18 |     if(rclcpp::spin_until_future_complete(node,future)==rclcpp::[01;31m[Kexecutor[m[K::FutureReturnCode::SUCCESS)
[2.831s]       |                                                                 [01;31m[K^~~~~~~~[m[K
[2.831s] [01m[K/home/vboxuser/ros2_ws/src/my_cpp_pkg/src/add_two_ints_client_no_oop.cpp:20:21:[m[K [01;31m[Kerror: [m[Kinvalid use of â€˜[01m[Kthis[m[Kâ€™ in non-member function
[2.831s]    20 |         RCLCPP_INFP([01;31m[Kthis[m[K->get_logger(),"%ld + %ld = %ld",request->a,request->b, future.get()->sum);
[2.831s]       |                     [01;31m[K^~~~[m[K
[2.837s] [01m[K/home/vboxuser/ros2_ws/src/my_cpp_pkg/src/add_two_ints_client_no_oop.cpp:20:9:[m[K [01;31m[Kerror: [m[Kâ€˜[01m[KRCLCPP_INFP[m[Kâ€™ was not declared in this scope; did you mean â€˜[01m[KRCLCPP_INFO[m[Kâ€™?
[2.837s]    20 |         [01;31m[KRCLCPP_INFP[m[K(this->get_logger(),"%ld + %ld = %ld",request->a,request->b, future.get()->sum);
[2.837s]       |         [01;31m[K^~~~~~~~~~~[m[K
[2.837s]       |         [32m[KRCLCPP_INFO[m[K
[2.837s] In file included from [01m[K/opt/ros/humble/include/rclcpp/rclcpp/client.hpp:40[m[K,
[2.837s]                  from [01m[K/opt/ros/humble/include/rclcpp/rclcpp/callback_group.hpp:24[m[K,
[2.837s]                  from [01m[K/opt/ros/humble/include/rclcpp/rclcpp/any_executable.hpp:20[m[K,
[2.837s]                  from [01m[K/opt/ros/humble/include/rclcpp/rclcpp/memory_strategy.hpp:25[m[K,
[2.837s]                  from [01m[K/opt/ros/humble/include/rclcpp/rclcpp/memory_strategies.hpp:18[m[K,
[2.837s]                  from [01m[K/opt/ros/humble/include/rclcpp/rclcpp/executor_options.hpp:20[m[K,
[2.837s]                  from [01m[K/opt/ros/humble/include/rclcpp/rclcpp/executor.hpp:37[m[K,
[2.837s]                  from [01m[K/opt/ros/humble/include/rclcpp/rclcpp/executors/multi_threaded_executor.hpp:25[m[K,
[2.837s]                  from [01m[K/opt/ros/humble/include/rclcpp/rclcpp/executors.hpp:21[m[K,
[2.837s]                  from [01m[K/opt/ros/humble/include/rclcpp/rclcpp/rclcpp.hpp:155[m[K,
[2.837s]                  from [01m[K/home/vboxuser/ros2_ws/src/my_cpp_pkg/src/add_two_ints_client_no_oop.cpp:1[m[K:
[2.837s] [01m[K/home/vboxuser/ros2_ws/src/my_cpp_pkg/src/add_two_ints_client_no_oop.cpp:25:22:[m[K [01;31m[Kerror: [m[Kinvalid use of â€˜[01m[Kthis[m[Kâ€™ in non-member function
[2.838s]    25 |         RCLCPP_ERROR([01;31m[Kthis[m[K->get_logger(),"Error While Calling service");
[2.838s]       |                      [01;31m[K^~~~[m[K
[2.838s] [01m[K/home/vboxuser/ros2_ws/src/my_cpp_pkg/src/add_two_ints_client_no_oop.cpp:25:22:[m[K [01;31m[Kerror: [m[Kinvalid use of â€˜[01m[Kthis[m[Kâ€™ in non-member function
[2.838s] [01m[K/home/vboxuser/ros2_ws/src/my_cpp_pkg/src/add_two_ints_client_no_oop.cpp:25:9:[m[K [01;31m[Kerror: [m[Ktemplate argument 1 is invalid
[2.838s]    25 |         [01;31m[KRCLCPP_ERROR[m[K(this->get_logger(),"Error While Calling service");
[2.838s]       |         [01;31m[K^~~~~~~~~~~~[m[K
[2.838s] [01m[K/home/vboxuser/ros2_ws/src/my_cpp_pkg/src/add_two_ints_client_no_oop.cpp:25:9:[m[K [01;31m[Kerror: [m[Kâ€˜[01m[K<declaration error>[m[Kâ€™ is not a template [[01;31m[K]8;;https://gcc.gnu.org/onlinedocs/gcc/Warning-Options.html#index-fpermissive-fpermissive]8;;[m[K]
[2.838s]    25 |         [01;31m[KRCLCPP_ERROR[m[K(this->get_logger(),"Error While Calling service");
[2.838s]       |         [01;31m[K^~~~~~~~~~~~[m[K
[2.838s] [01m[K/home/vboxuser/ros2_ws/src/my_cpp_pkg/src/add_two_ints_client_no_oop.cpp:25:9:[m[K [01;31m[Kerror: [m[Ktemplate argument 1 is invalid
[2.838s]    25 |         [01;31m[KRCLCPP_ERROR[m[K(this->get_logger(),"Error While Calling service");
[2.839s]       |         [01;31m[K^~~~~~~~~~~~[m[K
[2.839s] [01m[K/home/vboxuser/ros2_ws/src/my_cpp_pkg/src/add_two_ints_client_no_oop.cpp:25:9:[m[K [01;31m[Kerror: [m[Kâ€˜[01m[K<declaration error>[m[Kâ€™ is not a template [[01;31m[K]8;;https://gcc.gnu.org/onlinedocs/gcc/Warning-Options.html#index-fpermissive-fpermissive]8;;[m[K]
[2.839s]    25 |         [01;31m[KRCLCPP_ERROR[m[K(this->get_logger(),"Error While Calling service");
[2.839s]       |         [01;31m[K^~~~~~~~~~~~[m[K
[2.839s] [01m[K/home/vboxuser/ros2_ws/src/my_cpp_pkg/src/add_two_ints_client_no_oop.cpp:25:9:[m[K [01;31m[Kerror: [m[Ktemplate argument 1 is invalid
[2.839s]    25 |         [01;31m[KRCLCPP_ERROR[m[K(this->get_logger(),"Error While Calling service");
[2.839s]       |         [01;31m[K^~~~~~~~~~~~[m[K
[2.839s] In file included from [01m[K/opt/ros/humble/include/rclcpp/rclcpp/logging.hpp:24[m[K,
[2.839s]                  from [01m[K/opt/ros/humble/include/rclcpp/rclcpp/client.hpp:40[m[K,
[2.839s]                  from [01m[K/opt/ros/humble/include/rclcpp/rclcpp/callback_group.hpp:24[m[K,
[2.839s]                  from [01m[K/opt/ros/humble/include/rclcpp/rclcpp/any_executable.hpp:20[m[K,
[2.839s]                  from [01m[K/opt/ros/humble/include/rclcpp/rclcpp/memory_strategy.hpp:25[m[K,
[2.839s]                  from [01m[K/opt/ros/humble/include/rclcpp/rclcpp/memory_strategies.hpp:18[m[K,
[2.840s]                  from [01m[K/opt/ros/humble/include/rclcpp/rclcpp/executor_options.hpp:20[m[K,
[2.840s]                  from [01m[K/opt/ros/humble/include/rclcpp/rclcpp/executor.hpp:37[m[K,
[2.840s]                  from [01m[K/opt/ros/humble/include/rclcpp/rclcpp/executors/multi_threaded_executor.hpp:25[m[K,
[2.840s]                  from [01m[K/opt/ros/humble/include/rclcpp/rclcpp/executors.hpp:21[m[K,
[2.840s]                  from [01m[K/opt/ros/humble/include/rclcpp/rclcpp/rclcpp.hpp:155[m[K,
[2.840s]                  from [01m[K/home/vboxuser/ros2_ws/src/my_cpp_pkg/src/add_two_ints_client_no_oop.cpp:1[m[K:
[2.840s] [01m[K/home/vboxuser/ros2_ws/src/my_cpp_pkg/src/add_two_ints_client_no_oop.cpp:25:22:[m[K [01;31m[Kerror: [m[Kinvalid use of â€˜[01m[Kthis[m[Kâ€™ in non-member function
[2.840s]    25 |         RCLCPP_ERROR([01;31m[Kthis[m[K->get_logger(),"Error While Calling service");
[2.840s]       |                      [01;31m[K^~~~[m[K
[2.840s] [01m[K/home/vboxuser/ros2_ws/src/my_cpp_pkg/src/add_two_ints_client_no_oop.cpp:25:22:[m[K [01;31m[Kerror: [m[Kinvalid use of â€˜[01m[Kthis[m[Kâ€™ in non-member function
[2.840s]    25 |         RCLCPP_ERROR([01;31m[Kthis[m[K->get_logger(),"Error While Calling service");
[2.840s]       |                      [01;31m[K^~~~[m[K
[3.491s] gmake[2]: *** [CMakeFiles/add_two_ints_client_no_oop.dir/build.make:76: CMakeFiles/add_two_ints_client_no_oop.dir/src/add_two_ints_client_no_oop.cpp.o] Error 1
[3.491s] gmake[1]: *** [CMakeFiles/Makefile2:249: CMakeFiles/add_two_ints_client_no_oop.dir/all] Error 2
[3.491s] gmake: *** [Makefile:146: all] Error 2
[3.494s] Invoked command in '/home/vboxuser/ros2_ws/build/my_cpp_pkg' returned '2': CMAKE_PREFIX_PATH=${CMAKE_PREFIX_PATH}:/home/vboxuser/ros2_ws/install/my_py_pkg:/home/vboxuser/install/my_py_pkg:/opt/ros/humble /usr/bin/cmake --build /home/vboxuser/ros2_ws/build/my_cpp_pkg -- -j6 -l6
