[0.080s] Invoking command in '/home/vboxuser/ros2_ws/build/my_cpp_pkg': CMAKE_PREFIX_PATH=${CMAKE_PREFIX_PATH}:/home/vboxuser/ros2_ws/install/my_py_pkg:/opt/ros/humble /usr/bin/cmake --build /home/vboxuser/ros2_ws/build/my_cpp_pkg -- -j6 -l6
[0.132s] [35m[1mConsolidate compiler generated dependencies of target add_two_ints_client_no_oop[0m
[0.149s] [ 20%] Built target add_two_ints_server
[0.154s] [ 60%] Built target smartphone
[0.154s] [ 60%] Built target cpp_node
[0.156s] [ 80%] Built target robot_news_station
[0.163s] [ 90%] [32mBuilding CXX object CMakeFiles/add_two_ints_client_no_oop.dir/src/add_two_ints_client_no_oop.cpp.o[0m
[2.830s] [01m[K/home/vboxuser/ros2_ws/src/my_cpp_pkg/src/add_two_ints_client_no_oop.cpp:[m[K In function â€˜[01m[Kint main(int, char**)[m[Kâ€™:
[2.830s] [01m[K/home/vboxuser/ros2_ws/src/my_cpp_pkg/src/add_two_ints_client_no_oop.cpp:22:69:[m[K [01;31m[Kerror: [m[Kâ€˜[01m[Krclcpp::executor[m[Kâ€™ has not been declared
[2.830s]    22 |     if (rclcpp::spin_until_future_complete(node, future) == rclcpp::[01;31m[Kexecutor[m[K::FutureReturnCode::SUCCESS)
[2.830s]       |                                                                     [01;31m[K^~~~~~~~[m[K
[2.831s] [01m[K/home/vboxuser/ros2_ws/src/my_cpp_pkg/src/add_two_ints_client_no_oop.cpp:25:21:[m[K [01;31m[Kerror: [m[Kâ€˜[01m[Kusing element_type = struct example_interfaces::srv::AddTwoInts_Response_<std::allocator<void> >[m[Kâ€™ {aka â€˜[01m[Kstruct example_interfaces::srv::AddTwoInts_Response_<std::allocator<void> >[m[Kâ€™} has no member named â€˜[01m[Kresult[m[Kâ€™
[2.831s]    25 |         if (result->[01;31m[Kresult[m[K.success)
[2.831s]       |                     [01;31m[K^~~~~~[m[K
[2.831s] In file included from [01m[K/opt/ros/humble/include/rclcpp/rclcpp/logging.hpp:24[m[K,
[2.831s]                  from [01m[K/opt/ros/humble/include/rclcpp/rclcpp/client.hpp:40[m[K,
[2.831s]                  from [01m[K/opt/ros/humble/include/rclcpp/rclcpp/callback_group.hpp:24[m[K,
[2.831s]                  from [01m[K/opt/ros/humble/include/rclcpp/rclcpp/any_executable.hpp:20[m[K,
[2.831s]                  from [01m[K/opt/ros/humble/include/rclcpp/rclcpp/memory_strategy.hpp:25[m[K,
[2.831s]                  from [01m[K/opt/ros/humble/include/rclcpp/rclcpp/memory_strategies.hpp:18[m[K,
[2.831s]                  from [01m[K/opt/ros/humble/include/rclcpp/rclcpp/executor_options.hpp:20[m[K,
[2.831s]                  from [01m[K/opt/ros/humble/include/rclcpp/rclcpp/executor.hpp:37[m[K,
[2.831s]                  from [01m[K/opt/ros/humble/include/rclcpp/rclcpp/executors/multi_threaded_executor.hpp:25[m[K,
[2.831s]                  from [01m[K/opt/ros/humble/include/rclcpp/rclcpp/executors.hpp:21[m[K,
[2.831s]                  from [01m[K/opt/ros/humble/include/rclcpp/rclcpp/rclcpp.hpp:155[m[K,
[2.832s]                  from [01m[K/home/vboxuser/ros2_ws/src/my_cpp_pkg/src/add_two_ints_client_no_oop.cpp:1[m[K:
[2.832s] [01m[K/home/vboxuser/ros2_ws/src/my_cpp_pkg/src/add_two_ints_client_no_oop.cpp:27:96:[m[K [01;31m[Kerror: [m[Kâ€˜[01m[Kusing element_type = struct example_interfaces::srv::AddTwoInts_Response_<std::allocator<void> >[m[Kâ€™ {aka â€˜[01m[Kstruct example_interfaces::srv::AddTwoInts_Response_<std::allocator<void> >[m[Kâ€™} has no member named â€˜[01m[Kresult[m[Kâ€™
[2.832s]    27 |             RCLCPP_INFO(node->get_logger(), "%ld + %ld = %ld", request->a, request->b, result->[01;31m[Kresult[m[K.sum);
[2.832s]       |                                                                                                [01;31m[K^~~~~~[m[K
[3.512s] gmake[2]: *** [CMakeFiles/add_two_ints_client_no_oop.dir/build.make:76: CMakeFiles/add_two_ints_client_no_oop.dir/src/add_two_ints_client_no_oop.cpp.o] Error 1
[3.512s] gmake[1]: *** [CMakeFiles/Makefile2:249: CMakeFiles/add_two_ints_client_no_oop.dir/all] Error 2
[3.512s] gmake: *** [Makefile:146: all] Error 2
[3.512s] Invoked command in '/home/vboxuser/ros2_ws/build/my_cpp_pkg' returned '2': CMAKE_PREFIX_PATH=${CMAKE_PREFIX_PATH}:/home/vboxuser/ros2_ws/install/my_py_pkg:/opt/ros/humble /usr/bin/cmake --build /home/vboxuser/ros2_ws/build/my_cpp_pkg -- -j6 -l6
