[0.092s] Invoking command in '/home/vboxuser/ros2_ws/build/my_cpp_pkg': CMAKE_PREFIX_PATH=${CMAKE_PREFIX_PATH}:/home/vboxuser/ros2_ws/install/my_py_pkg:/home/vboxuser/install/my_py_pkg:/opt/ros/humble /usr/bin/cmake --build /home/vboxuser/ros2_ws/build/my_cpp_pkg -- -j6 -l6
[0.175s] -- Found ament_cmake: 1.3.8 (/opt/ros/humble/share/ament_cmake/cmake)
[0.358s] -- Found rclcpp: 16.0.8 (/opt/ros/humble/share/rclcpp/cmake)
[0.418s] -- Found rosidl_generator_c: 3.1.5 (/opt/ros/humble/share/rosidl_generator_c/cmake)
[0.423s] -- Found rosidl_adapter: 3.1.5 (/opt/ros/humble/share/rosidl_adapter/cmake)
[0.434s] -- Found rosidl_generator_cpp: 3.1.5 (/opt/ros/humble/share/rosidl_generator_cpp/cmake)
[0.463s] -- Using all available rosidl_typesupport_c: rosidl_typesupport_fastrtps_c;rosidl_typesupport_introspection_c
[0.489s] -- Using all available rosidl_typesupport_cpp: rosidl_typesupport_fastrtps_cpp;rosidl_typesupport_introspection_cpp
[0.579s] -- Found rmw_implementation_cmake: 6.1.1 (/opt/ros/humble/share/rmw_implementation_cmake/cmake)
[0.583s] -- Found rmw_fastrtps_cpp: 6.2.6 (/opt/ros/humble/share/rmw_fastrtps_cpp/cmake)
[0.753s] -- Using RMW implementation 'rmw_fastrtps_cpp' as default
[0.978s] -- Found example_interfaces: 0.9.3 (/opt/ros/humble/share/example_interfaces/cmake)
[1.168s] -- Found ament_lint_auto: 0.12.10 (/opt/ros/humble/share/ament_lint_auto/cmake)
[1.263s] -- Added test 'cppcheck' to perform static code analysis on C / C++ code
[1.263s] -- Configured cppcheck include dirs: 
[1.263s] -- Configured cppcheck exclude dirs and/or files: 
[1.265s] -- Added test 'lint_cmake' to check CMake code style
[1.267s] -- Added test 'uncrustify' to check C / C++ code style
[1.267s] -- Configured uncrustify additional arguments: 
[1.267s] -- Added test 'xmllint' to check XML markup files
[1.270s] -- Configuring done
[1.309s] -- Generating done
[1.312s] -- Build files have been written to: /home/vboxuser/ros2_ws/build/my_cpp_pkg
[1.345s] [35m[1mConsolidate compiler generated dependencies of target robot_news_station[0m
[1.345s] [35m[1mConsolidate compiler generated dependencies of target smartphone[0m
[1.345s] [35m[1mConsolidate compiler generated dependencies of target cpp_node[0m
[1.347s] [35m[1mConsolidate compiler generated dependencies of target add_two_ints_server[0m
[1.357s] [ 10%] [32mBuilding CXX object CMakeFiles/add_two_ints_client_no_oop.dir/src/add_two_ints_client_no_oop.cpp.o[0m
[1.374s] [ 40%] Built target robot_news_station
[1.374s] [ 50%] Built target cpp_node
[1.377s] [ 70%] Built target smartphone
[1.377s] [ 80%] [32mBuilding CXX object CMakeFiles/add_two_ints_server.dir/src/add_two_ints_server.cpp.o[0m
[4.798s] [01m[K/home/vboxuser/ros2_ws/src/my_cpp_pkg/src/add_two_ints_client_no_oop.cpp:[m[K In function â€˜[01m[Kint main(int, char**)[m[Kâ€™:
[4.798s] [01m[K/home/vboxuser/ros2_ws/src/my_cpp_pkg/src/add_two_ints_client_no_oop.cpp:12:5:[m[K [01;31m[Kerror: [m[Kexpected â€˜[01m[K;[m[Kâ€™ before â€˜[01m[K}[m[Kâ€™ token
[4.798s]    12 |     [01;31m[K}[m[K
[4.798s]       |     [01;31m[K^[m[K
[4.802s] [01m[K/home/vboxuser/ros2_ws/src/my_cpp_pkg/src/add_two_ints_client_no_oop.cpp:18:65:[m[K [01;31m[Kerror: [m[Kâ€˜[01m[Krclcpp::executor[m[Kâ€™ has not been declared
[4.802s]    18 |     if(rclcpp::spin_until_future_complete(node,future)==rclcpp::[01;31m[Kexecutor[m[K::FutureReturnCode::SUCCESS)
[4.802s]       |                                                                 [01;31m[K^~~~~~~~[m[K
[4.802s] [01m[K/home/vboxuser/ros2_ws/src/my_cpp_pkg/src/add_two_ints_client_no_oop.cpp:20:21:[m[K [01;31m[Kerror: [m[Kinvalid use of â€˜[01m[Kthis[m[Kâ€™ in non-member function
[4.802s]    20 |         RCLCPP_INFP([01;31m[Kthis[m[K->get_logger(),"%ld + %ld = %ld",request->a,request->b, future.get()->sum);
[4.802s]       |                     [01;31m[K^~~~[m[K
[4.813s] [01m[K/home/vboxuser/ros2_ws/src/my_cpp_pkg/src/add_two_ints_client_no_oop.cpp:20:9:[m[K [01;31m[Kerror: [m[Kâ€˜[01m[KRCLCPP_INFP[m[Kâ€™ was not declared in this scope; did you mean â€˜[01m[KRCLCPP_INFO[m[Kâ€™?
[4.813s]    20 |         [01;31m[KRCLCPP_INFP[m[K(this->get_logger(),"%ld + %ld = %ld",request->a,request->b, future.get()->sum);
[4.813s]       |         [01;31m[K^~~~~~~~~~~[m[K
[4.814s]       |         [32m[KRCLCPP_INFO[m[K
[4.814s] In file included from [01m[K/opt/ros/humble/include/rclcpp/rclcpp/client.hpp:40[m[K,
[4.814s]                  from [01m[K/opt/ros/humble/include/rclcpp/rclcpp/callback_group.hpp:24[m[K,
[4.814s]                  from [01m[K/opt/ros/humble/include/rclcpp/rclcpp/any_executable.hpp:20[m[K,
[4.814s]                  from [01m[K/opt/ros/humble/include/rclcpp/rclcpp/memory_strategy.hpp:25[m[K,
[4.815s]                  from [01m[K/opt/ros/humble/include/rclcpp/rclcpp/memory_strategies.hpp:18[m[K,
[4.815s]                  from [01m[K/opt/ros/humble/include/rclcpp/rclcpp/executor_options.hpp:20[m[K,
[4.815s]                  from [01m[K/opt/ros/humble/include/rclcpp/rclcpp/executor.hpp:37[m[K,
[4.815s]                  from [01m[K/opt/ros/humble/include/rclcpp/rclcpp/executors/multi_threaded_executor.hpp:25[m[K,
[4.815s]                  from [01m[K/opt/ros/humble/include/rclcpp/rclcpp/executors.hpp:21[m[K,
[4.815s]                  from [01m[K/opt/ros/humble/include/rclcpp/rclcpp/rclcpp.hpp:155[m[K,
[4.815s]                  from [01m[K/home/vboxuser/ros2_ws/src/my_cpp_pkg/src/add_two_ints_client_no_oop.cpp:1[m[K:
[4.815s] [01m[K/home/vboxuser/ros2_ws/src/my_cpp_pkg/src/add_two_ints_client_no_oop.cpp:25:22:[m[K [01;31m[Kerror: [m[Kinvalid use of â€˜[01m[Kthis[m[Kâ€™ in non-member function
[4.815s]    25 |         RCLCPP_ERROR([01;31m[Kthis[m[K->get_logger(),"Error While Calling service");
[4.815s]       |                      [01;31m[K^~~~[m[K
[4.815s] [01m[K/home/vboxuser/ros2_ws/src/my_cpp_pkg/src/add_two_ints_client_no_oop.cpp:25:22:[m[K [01;31m[Kerror: [m[Kinvalid use of â€˜[01m[Kthis[m[Kâ€™ in non-member function
[4.815s] [01m[K/home/vboxuser/ros2_ws/src/my_cpp_pkg/src/add_two_ints_client_no_oop.cpp:25:9:[m[K [01;31m[Kerror: [m[Ktemplate argument 1 is invalid
[4.815s]    25 |         [01;31m[KRCLCPP_ERROR[m[K(this->get_logger(),"Error While Calling service");
[4.815s]       |         [01;31m[K^~~~~~~~~~~~[m[K
[4.816s] [01m[K/home/vboxuser/ros2_ws/src/my_cpp_pkg/src/add_two_ints_client_no_oop.cpp:25:9:[m[K [01;31m[Kerror: [m[Kâ€˜[01m[K<declaration error>[m[Kâ€™ is not a template [[01;31m[K]8;;https://gcc.gnu.org/onlinedocs/gcc/Warning-Options.html#index-fpermissive-fpermissive]8;;[m[K]
[4.816s]    25 |         [01;31m[KRCLCPP_ERROR[m[K(this->get_logger(),"Error While Calling service");
[4.816s]       |         [01;31m[K^~~~~~~~~~~~[m[K
[4.816s] [01m[K/home/vboxuser/ros2_ws/src/my_cpp_pkg/src/add_two_ints_client_no_oop.cpp:25:9:[m[K [01;31m[Kerror: [m[Ktemplate argument 1 is invalid
[4.816s]    25 |         [01;31m[KRCLCPP_ERROR[m[K(this->get_logger(),"Error While Calling service");
[4.816s]       |         [01;31m[K^~~~~~~~~~~~[m[K
[4.816s] [01m[K/home/vboxuser/ros2_ws/src/my_cpp_pkg/src/add_two_ints_client_no_oop.cpp:25:9:[m[K [01;31m[Kerror: [m[Kâ€˜[01m[K<declaration error>[m[Kâ€™ is not a template [[01;31m[K]8;;https://gcc.gnu.org/onlinedocs/gcc/Warning-Options.html#index-fpermissive-fpermissive]8;;[m[K]
[4.816s]    25 |         [01;31m[KRCLCPP_ERROR[m[K(this->get_logger(),"Error While Calling service");
[4.816s]       |         [01;31m[K^~~~~~~~~~~~[m[K
[4.816s] [01m[K/home/vboxuser/ros2_ws/src/my_cpp_pkg/src/add_two_ints_client_no_oop.cpp:25:9:[m[K [01;31m[Kerror: [m[Ktemplate argument 1 is invalid
[4.816s]    25 |         [01;31m[KRCLCPP_ERROR[m[K(this->get_logger(),"Error While Calling service");
[4.816s]       |         [01;31m[K^~~~~~~~~~~~[m[K
[4.816s] In file included from [01m[K/opt/ros/humble/include/rclcpp/rclcpp/logging.hpp:24[m[K,
[4.816s]                  from [01m[K/opt/ros/humble/include/rclcpp/rclcpp/client.hpp:40[m[K,
[4.816s]                  from [01m[K/opt/ros/humble/include/rclcpp/rclcpp/callback_group.hpp:24[m[K,
[4.816s]                  from [01m[K/opt/ros/humble/include/rclcpp/rclcpp/any_executable.hpp:20[m[K,
[4.816s]                  from [01m[K/opt/ros/humble/include/rclcpp/rclcpp/memory_strategy.hpp:25[m[K,
[4.816s]                  from [01m[K/opt/ros/humble/include/rclcpp/rclcpp/memory_strategies.hpp:18[m[K,
[4.816s]                  from [01m[K/opt/ros/humble/include/rclcpp/rclcpp/executor_options.hpp:20[m[K,
[4.817s]                  from [01m[K/opt/ros/humble/include/rclcpp/rclcpp/executor.hpp:37[m[K,
[4.817s]                  from [01m[K/opt/ros/humble/include/rclcpp/rclcpp/executors/multi_threaded_executor.hpp:25[m[K,
[4.817s]                  from [01m[K/opt/ros/humble/include/rclcpp/rclcpp/executors.hpp:21[m[K,
[4.817s]                  from [01m[K/opt/ros/humble/include/rclcpp/rclcpp/rclcpp.hpp:155[m[K,
[4.817s]                  from [01m[K/home/vboxuser/ros2_ws/src/my_cpp_pkg/src/add_two_ints_client_no_oop.cpp:1[m[K:
[4.817s] [01m[K/home/vboxuser/ros2_ws/src/my_cpp_pkg/src/add_two_ints_client_no_oop.cpp:25:22:[m[K [01;31m[Kerror: [m[Kinvalid use of â€˜[01m[Kthis[m[Kâ€™ in non-member function
[4.817s]    25 |         RCLCPP_ERROR([01;31m[Kthis[m[K->get_logger(),"Error While Calling service");
[4.817s]       |                      [01;31m[K^~~~[m[K
[4.817s] [01m[K/home/vboxuser/ros2_ws/src/my_cpp_pkg/src/add_two_ints_client_no_oop.cpp:25:22:[m[K [01;31m[Kerror: [m[Kinvalid use of â€˜[01m[Kthis[m[Kâ€™ in non-member function
[4.817s]    25 |         RCLCPP_ERROR([01;31m[Kthis[m[K->get_logger(),"Error While Calling service");
[4.817s]       |                      [01;31m[K^~~~[m[K
[4.817s] [01m[K/home/vboxuser/ros2_ws/src/my_cpp_pkg/src/add_two_ints_client_no_oop.cpp:[m[K At global scope:
[4.817s] [01m[K/home/vboxuser/ros2_ws/src/my_cpp_pkg/src/add_two_ints_client_no_oop.cpp:29:2:[m[K [01;31m[Kerror: [m[Kâ€˜[01m[Kff[m[Kâ€™ does not name a type
[4.817s]    29 | }[01;31m[Kff[m[K
[4.818s]       |  [01;31m[K^~[m[K
[5.615s] gmake[2]: *** [CMakeFiles/add_two_ints_client_no_oop.dir/build.make:76: CMakeFiles/add_two_ints_client_no_oop.dir/src/add_two_ints_client_no_oop.cpp.o] Error 1
[5.615s] gmake[1]: *** [CMakeFiles/Makefile2:249: CMakeFiles/add_two_ints_client_no_oop.dir/all] Error 2
[5.616s] gmake[1]: *** Waiting for unfinished jobs....
[6.191s] [ 90%] [32m[1mLinking CXX executable add_two_ints_server[0m
[6.524s] [ 90%] Built target add_two_ints_server
[6.525s] gmake: *** [Makefile:146: all] Error 2
[6.528s] Invoked command in '/home/vboxuser/ros2_ws/build/my_cpp_pkg' returned '2': CMAKE_PREFIX_PATH=${CMAKE_PREFIX_PATH}:/home/vboxuser/ros2_ws/install/my_py_pkg:/home/vboxuser/install/my_py_pkg:/opt/ros/humble /usr/bin/cmake --build /home/vboxuser/ros2_ws/build/my_cpp_pkg -- -j6 -l6
